[4465][1547512045826][requester][info]["EventBus\\x7einitialize - Success"]
[4465][1547512045829][requester][info]["Messaging\\x7eboot - Success"]
[4465][1547512045836][requester][info]["Telemetry\\x7eboot - Success"]
[4465][1547512045838][requester][info]["bootConfigurations\\x7einitialize - Success"]
[4465][1547512045839][requester][info]["Settings\\x7eboot - Success"]
[4465][1547512045912][requester][info]["bootstrapModels - Success"]
[4465][1547512045912][requester][info]["WLModels\\x7eboot - Success"]
[4465][1547512046055][requester][info]["Session\\x7eboot - Success"]
[4465][1547512046063][requester][info]["IndependentServices\\x7eboot - Success"]
[4465][1547512046085][requester][info]["AppModels\\x7eboot - Success"]
[4465][1547512046086][requester][info]["RuntimeListeners\\x7eboot- Success"]
[4465][1547512046086][requester][info]["DBWatcher\\x7eboot - Success"]
[4465][1547512046092][requester][info]["ThemeManager\\x7eboot - Success"]
[4465][1547512046095][requester][info]["InAppMessaging\\x7eboot - Success"]
[4465][1547512046097][requester][info]["Store\\x7eboot - Success"]
[4465][1547512046102][requester][info]["Shortcuts\\x7eboot - Success"]
[4465][1547512046103][requester][info]["SyncProxy\\x7eboot - Success"]
[4465][1547512046113][requester][info]["Updater bailed! Running on Snap!"]
[4465][1547512046114][requester][info]["Requester\\x7eboot - Success"]
[4465][1547512046114][requester][info]["booted - requester"]
