[4465][1547512042944][shared][info]["EventBus\\x7einitialize - Success"]
[4465][1547512042947][shared][info]["Messaging\\x7eboot - Success"]
[4465][1547512042953][shared][info]["Telemetry\\x7eboot - Success"]
[4465][1547512042954][shared][info]["bootConfigurations\\x7einitialize - Success"]
[4465][1547512042959][shared][info]["Settings\\x7eboot - Success"]
[4465][1547512042959][shared][info]["Migrations: Starting migrations"]
[4465][1547512042960][shared][info]["Migrations: Walking migration","0000_initial"]
[4465][1547512042960][shared][info]["Migrations: Walking migration","0001_add_archived_resources_table"]
[4465][1547512042960][shared][info]["Migrations: Walking migration","0002_add_variable_sessions_table"]
[4465][1547512042960][shared][info]["Migrations: Walking migration","0003_add_editor_tables"]
[4465][1547512042961][shared][info]["Migrations: Walking migration","0004_migrate_ws_session_data"]
[4465][1547512042961][shared][info]["Migrations: Walking migration","0005_cleanup_request_response_and_history_body"]
[4465][1547512042961][shared][info]["Migrations: Walking migration","0006_add_dbp_to_request_response_and_history"]
[4465][1547512042961][shared][info]["Migrations: Walking migration","0007_add_sync_client_buckets_by_order_id_table"]
[4465][1547512042961][shared][info]["Migrations: Walking migration","0008_migrate_to_sync_client_buckets_by_order_id"]
[4465][1547512042961][shared][info]["Migrations: Walking migration","0009_remove_sync_client_buckets_table"]
[4465][1547512042961][shared][info]["Migrations: Walking migration","0010_add_history_owner"]
[4465][1547512042961][shared][info]["Migrations: Walking migration","0011_add_history_response_table"]
[4465][1547512042962][shared][info]["Migrations: Walking migration","0012_add_user_data_table"]
[4465][1547512042962][shared][info]["Migrations: Walking migration","0013_sanitize_request_response_and_history_methods"]
[4465][1547512042962][shared][info]["Migrations: Walking migration","0014_sanitize_response_requestobject_rawmodedata"]
[4465][1547512042963][shared][info]["Migrations: Starting migration","0000_initial"]
[4465][1547512042963][shared][info]["Migrations: Setting context before starting migration","0000_initial",{"0000_initial":"started"}]
[4465][1547512042963][shared][info]["Migrations: Applying migration","0000_initial"]
[4465][1547512042963][shared][info]["Migrations: Upgrading IndexedDB to version","0000_initial",1]
[4465][1547512042964][shared][info]["Migrations: Adding pending commit to queue","0000_initial"]
[4465][1547512042965][shared][info]["Migrations: Starting migration","0001_add_archived_resources_table"]
[4465][1547512042965][shared][info]["Migrations: Setting context before starting migration","0001_add_archived_resources_table",{"0000_initial":"started","0001_add_archived_resources_table":"started"}]
[4465][1547512042965][shared][info]["Migrations: Applying migration","0001_add_archived_resources_table"]
[4465][1547512042965][shared][info]["Migrations: Upgrading IndexedDB to version","0001_add_archived_resources_table",2]
[4465][1547512042966][shared][info]["Migrations: Adding pending commit to queue","0001_add_archived_resources_table"]
[4465][1547512042966][shared][info]["Migrations: Starting migration","0002_add_variable_sessions_table"]
[4465][1547512042967][shared][info]["Migrations: Setting context before starting migration","0002_add_variable_sessions_table",{"0000_initial":"started","0001_add_archived_resources_table":"started","0002_add_variable_sessions_table":"started"}]
[4465][1547512042967][shared][info]["Migrations: Applying migration","0002_add_variable_sessions_table"]
[4465][1547512042967][shared][info]["Migrations: Upgrading IndexedDB to version","0002_add_variable_sessions_table",3]
[4465][1547512042968][shared][info]["Migrations: Adding pending commit to queue","0002_add_variable_sessions_table"]
[4465][1547512042968][shared][info]["Migrations: Starting migration","0003_add_editor_tables"]
[4465][1547512042968][shared][info]["Migrations: Setting context before starting migration","0003_add_editor_tables",{"0000_initial":"started","0001_add_archived_resources_table":"started","0002_add_variable_sessions_table":"started","0003_add_editor_tables":"started"}]
[4465][1547512042969][shared][info]["Migrations: Applying migration","0003_add_editor_tables"]
[4465][1547512042969][shared][info]["Migrations: Upgrading IndexedDB to version","0003_add_editor_tables",4]
[4465][1547512042970][shared][info]["Migrations: Adding pending commit to queue","0003_add_editor_tables"]
[4465][1547512042970][shared][info]["Migrations: Starting migration","0004_migrate_ws_session_data"]
[4465][1547512042970][shared][info]["Migrations: Flushing pending migrations for","0004_migrate_ws_session_data"]
[4465][1547512042970][shared][info]["Migrations: Flushing pending commit for type","IndexeddbSchemaMigration"]
[4465][1547512042971][shared][info]["Migrations: Committing IndexedDB upgrade"]
[4465][1547512043319][shared][info]["Migrations: Updating status in migration context",{"0000_initial":"started","0001_add_archived_resources_table":"started","0002_add_variable_sessions_table":"started","0003_add_editor_tables":"started"}]
[4465][1547512043320][shared][info]["Migrations: Updated status in migration context",{"0000_initial":"finished","0001_add_archived_resources_table":"finished","0002_add_variable_sessions_table":"finished","0003_add_editor_tables":"finished"}]
[4465][1547512043321][shared][info]["Migrations: Setting context before starting migration","0004_migrate_ws_session_data",{"0000_initial":"finished","0001_add_archived_resources_table":"finished","0002_add_variable_sessions_table":"finished","0003_add_editor_tables":"finished","0004_migrate_ws_session_data":"started"}]
[4465][1547512043322][shared][info]["Migrations: Applying migration","0004_migrate_ws_session_data"]
[4465][1547512043323][shared][info]["Migrations: Processing IndexedDB data migration","0004_migrate_ws_session_data"]
[4465][1547512043326][shared][info]["Migration\\x7eTabs: Starting migration"]
[4465][1547512043334][shared][info]["Migration\\x7eTabs: Completed transformation"]
[4465][1547512043335][shared][info]["Migration\\x7eTabs: Creating editors"]
[4465][1547512043340][shared][info]["Migration\\x7eTabs: Creating editor models"]
[4465][1547512043342][shared][info]["Migrations: Saving migration context after completion","0004_migrate_ws_session_data",{"0000_initial":"finished","0001_add_archived_resources_table":"finished","0002_add_variable_sessions_table":"finished","0003_add_editor_tables":"finished","0004_migrate_ws_session_data":"started"}]
[4465][1547512043343][shared][info]["Migrations: Starting migration","0005_cleanup_request_response_and_history_body"]
[4465][1547512043344][shared][info]["Migrations: Flushing pending migrations for","0005_cleanup_request_response_and_history_body"]
[4465][1547512043344][shared][info]["Migrations: Updating status in migration context",{"0000_initial":"finished","0001_add_archived_resources_table":"finished","0002_add_variable_sessions_table":"finished","0003_add_editor_tables":"finished","0004_migrate_ws_session_data":"finished"}]
[4465][1547512043345][shared][info]["Migrations: Updated status in migration context",{"0000_initial":"finished","0001_add_archived_resources_table":"finished","0002_add_variable_sessions_table":"finished","0003_add_editor_tables":"finished","0004_migrate_ws_session_data":"finished"}]
[4465][1547512043346][shared][info]["Migrations: Setting context before starting migration","0005_cleanup_request_response_and_history_body",{"0000_initial":"finished","0001_add_archived_resources_table":"finished","0002_add_variable_sessions_table":"finished","0003_add_editor_tables":"finished","0004_migrate_ws_session_data":"finished","0005_cleanup_request_response_and_history_body":"started"}]
[4465][1547512043347][shared][info]["Migrations: Applying migration","0005_cleanup_request_response_and_history_body"]
[4465][1547512043348][shared][info]["Migrations: Processing IndexedDB data migration","0005_cleanup_request_response_and_history_body"]
[4465][1547512043357][shared][info]["Migrations: Saving migration context after completion","0005_cleanup_request_response_and_history_body",{"0000_initial":"finished","0001_add_archived_resources_table":"finished","0002_add_variable_sessions_table":"finished","0003_add_editor_tables":"finished","0004_migrate_ws_session_data":"finished","0005_cleanup_request_response_and_history_body":"started"}]
[4465][1547512043358][shared][info]["Migrations: Starting migration","0006_add_dbp_to_request_response_and_history"]
[4465][1547512043359][shared][info]["Migrations: Flushing pending migrations for","0006_add_dbp_to_request_response_and_history"]
[4465][1547512043359][shared][info]["Migrations: Updating status in migration context",{"0000_initial":"finished","0001_add_archived_resources_table":"finished","0002_add_variable_sessions_table":"finished","0003_add_editor_tables":"finished","0004_migrate_ws_session_data":"finished","0005_cleanup_request_response_and_history_body":"finished"}]
[4465][1547512043359][shared][info]["Migrations: Updated status in migration context",{"0000_initial":"finished","0001_add_archived_resources_table":"finished","0002_add_variable_sessions_table":"finished","0003_add_editor_tables":"finished","0004_migrate_ws_session_data":"finished","0005_cleanup_request_response_and_history_body":"finished"}]
[4465][1547512043360][shared][info]["Migrations: Setting context before starting migration","0006_add_dbp_to_request_response_and_history",{"0000_initial":"finished","0001_add_archived_resources_table":"finished","0002_add_variable_sessions_table":"finished","0003_add_editor_tables":"finished","0004_migrate_ws_session_data":"finished","0005_cleanup_request_response_and_history_body":"finished","0006_add_dbp_to_request_response_and_history":"started"}]
[4465][1547512043361][shared][info]["Migrations: Applying migration","0006_add_dbp_to_request_response_and_history"]
[4465][1547512043361][shared][info]["Migrations: Processing IndexedDB data migration","0006_add_dbp_to_request_response_and_history"]
[4465][1547512043367][shared][info]["Migrations: Saving migration context after completion","0006_add_dbp_to_request_response_and_history",{"0000_initial":"finished","0001_add_archived_resources_table":"finished","0002_add_variable_sessions_table":"finished","0003_add_editor_tables":"finished","0004_migrate_ws_session_data":"finished","0005_cleanup_request_response_and_history_body":"finished","0006_add_dbp_to_request_response_and_history":"started"}]
[4465][1547512043368][shared][info]["Migrations: Starting migration","0007_add_sync_client_buckets_by_order_id_table"]
[4465][1547512043368][shared][info]["Migrations: Setting context before starting migration","0007_add_sync_client_buckets_by_order_id_table",{"0000_initial":"finished","0001_add_archived_resources_table":"finished","0002_add_variable_sessions_table":"finished","0003_add_editor_tables":"finished","0004_migrate_ws_session_data":"finished","0005_cleanup_request_response_and_history_body":"finished","0006_add_dbp_to_request_response_and_history":"finished","0007_add_sync_client_buckets_by_order_id_table":"started"}]
[4465][1547512043369][shared][info]["Migrations: Applying migration","0007_add_sync_client_buckets_by_order_id_table"]
[4465][1547512043370][shared][info]["Migrations: Upgrading IndexedDB to version","0007_add_sync_client_buckets_by_order_id_table",5]
[4465][1547512043372][shared][info]["Migrations: Adding pending commit to queue","0007_add_sync_client_buckets_by_order_id_table"]
[4465][1547512043372][shared][info]["Migrations: Starting migration","0008_migrate_to_sync_client_buckets_by_order_id"]
[4465][1547512043372][shared][info]["Migrations: Flushing pending migrations for","0008_migrate_to_sync_client_buckets_by_order_id"]
[4465][1547512043372][shared][info]["Migrations: Flushing pending commit for type","IndexeddbSchemaMigration"]
[4465][1547512043373][shared][info]["Migrations: Committing IndexedDB upgrade"]
[4465][1547512043441][shared][info]["Migrations: Updating status in migration context",{"0000_initial":"finished","0001_add_archived_resources_table":"finished","0002_add_variable_sessions_table":"finished","0003_add_editor_tables":"finished","0004_migrate_ws_session_data":"finished","0005_cleanup_request_response_and_history_body":"finished","0006_add_dbp_to_request_response_and_history":"finished","0007_add_sync_client_buckets_by_order_id_table":"started"}]
[4465][1547512043442][shared][info]["Migrations: Updated status in migration context",{"0000_initial":"finished","0001_add_archived_resources_table":"finished","0002_add_variable_sessions_table":"finished","0003_add_editor_tables":"finished","0004_migrate_ws_session_data":"finished","0005_cleanup_request_response_and_history_body":"finished","0006_add_dbp_to_request_response_and_history":"finished","0007_add_sync_client_buckets_by_order_id_table":"finished"}]
[4465][1547512043443][shared][info]["Migrations: Setting context before starting migration","0008_migrate_to_sync_client_buckets_by_order_id",{"0000_initial":"finished","0001_add_archived_resources_table":"finished","0002_add_variable_sessions_table":"finished","0003_add_editor_tables":"finished","0004_migrate_ws_session_data":"finished","0005_cleanup_request_response_and_history_body":"finished","0006_add_dbp_to_request_response_and_history":"finished","0007_add_sync_client_buckets_by_order_id_table":"finished","0008_migrate_to_sync_client_buckets_by_order_id":"started"}]
[4465][1547512043445][shared][info]["Migrations: Applying migration","0008_migrate_to_sync_client_buckets_by_order_id"]
[4465][1547512043445][shared][info]["Migrations: Processing IndexedDB data migration","0008_migrate_to_sync_client_buckets_by_order_id"]
[4465][1547512043452][shared][info]["Migrations: Saving migration context after completion","0008_migrate_to_sync_client_buckets_by_order_id",{"0000_initial":"finished","0001_add_archived_resources_table":"finished","0002_add_variable_sessions_table":"finished","0003_add_editor_tables":"finished","0004_migrate_ws_session_data":"finished","0005_cleanup_request_response_and_history_body":"finished","0006_add_dbp_to_request_response_and_history":"finished","0007_add_sync_client_buckets_by_order_id_table":"finished","0008_migrate_to_sync_client_buckets_by_order_id":"started"}]
[4465][1547512043453][shared][info]["Migrations: Starting migration","0009_remove_sync_client_buckets_table"]
[4465][1547512043453][shared][info]["Migrations: Setting context before starting migration","0009_remove_sync_client_buckets_table",{"0000_initial":"finished","0001_add_archived_resources_table":"finished","0002_add_variable_sessions_table":"finished","0003_add_editor_tables":"finished","0004_migrate_ws_session_data":"finished","0005_cleanup_request_response_and_history_body":"finished","0006_add_dbp_to_request_response_and_history":"finished","0007_add_sync_client_buckets_by_order_id_table":"finished","0008_migrate_to_sync_client_buckets_by_order_id":"finished","0009_remove_sync_client_buckets_table":"started"}]
[4465][1547512043455][shared][info]["Migrations: Applying migration","0009_remove_sync_client_buckets_table"]
[4465][1547512043455][shared][info]["Migrations: Upgrading IndexedDB to version","0009_remove_sync_client_buckets_table",6]
[4465][1547512043458][shared][info]["Migrations: Adding pending commit to queue","0009_remove_sync_client_buckets_table"]
[4465][1547512043458][shared][info]["Migrations: Starting migration","0010_add_history_owner"]
[4465][1547512043459][shared][info]["Migrations: Flushing pending migrations for","0010_add_history_owner"]
[4465][1547512043459][shared][info]["Migrations: Flushing pending commit for type","IndexeddbSchemaMigration"]
[4465][1547512043459][shared][info]["Migrations: Committing IndexedDB upgrade"]
[4465][1547512043551][shared][info]["Migrations: Updating status in migration context",{"0000_initial":"finished","0001_add_archived_resources_table":"finished","0002_add_variable_sessions_table":"finished","0003_add_editor_tables":"finished","0004_migrate_ws_session_data":"finished","0005_cleanup_request_response_and_history_body":"finished","0006_add_dbp_to_request_response_and_history":"finished","0007_add_sync_client_buckets_by_order_id_table":"finished","0008_migrate_to_sync_client_buckets_by_order_id":"finished","0009_remove_sync_client_buckets_table":"started"}]
[4465][1547512043553][shared][info]["Migrations: Updated status in migration context",{"0000_initial":"finished","0001_add_archived_resources_table":"finished","0002_add_variable_sessions_table":"finished","0003_add_editor_tables":"finished","0004_migrate_ws_session_data":"finished","0005_cleanup_request_response_and_history_body":"finished","0006_add_dbp_to_request_response_and_history":"finished","0007_add_sync_client_buckets_by_order_id_table":"finished","0008_migrate_to_sync_client_buckets_by_order_id":"finished","0009_remove_sync_client_buckets_table":"finished"}]
[4465][1547512043554][shared][info]["Migrations: Setting context before starting migration","0010_add_history_owner",{"0000_initial":"finished","0001_add_archived_resources_table":"finished","0002_add_variable_sessions_table":"finished","0003_add_editor_tables":"finished","0004_migrate_ws_session_data":"finished","0005_cleanup_request_response_and_history_body":"finished","0006_add_dbp_to_request_response_and_history":"finished","0007_add_sync_client_buckets_by_order_id_table":"finished","0008_migrate_to_sync_client_buckets_by_order_id":"finished","0009_remove_sync_client_buckets_table":"finished","0010_add_history_owner":"started"}]
[4465][1547512043555][shared][info]["Migrations: Applying migration","0010_add_history_owner"]
[4465][1547512043556][shared][info]["Migrations: Processing IndexedDB data migration","0010_add_history_owner"]
[4465][1547512043564][shared][info]["Migrations: Saving migration context after completion","0010_add_history_owner",{"0000_initial":"finished","0001_add_archived_resources_table":"finished","0002_add_variable_sessions_table":"finished","0003_add_editor_tables":"finished","0004_migrate_ws_session_data":"finished","0005_cleanup_request_response_and_history_body":"finished","0006_add_dbp_to_request_response_and_history":"finished","0007_add_sync_client_buckets_by_order_id_table":"finished","0008_migrate_to_sync_client_buckets_by_order_id":"finished","0009_remove_sync_client_buckets_table":"finished","0010_add_history_owner":"started"}]
[4465][1547512043566][shared][info]["Migrations: Starting migration","0011_add_history_response_table"]
[4465][1547512043566][shared][info]["Migrations: Setting context before starting migration","0011_add_history_response_table",{"0000_initial":"finished","0001_add_archived_resources_table":"finished","0002_add_variable_sessions_table":"finished","0003_add_editor_tables":"finished","0004_migrate_ws_session_data":"finished","0005_cleanup_request_response_and_history_body":"finished","0006_add_dbp_to_request_response_and_history":"finished","0007_add_sync_client_buckets_by_order_id_table":"finished","0008_migrate_to_sync_client_buckets_by_order_id":"finished","0009_remove_sync_client_buckets_table":"finished","0010_add_history_owner":"finished","0011_add_history_response_table":"started"}]
[4465][1547512043567][shared][info]["Migrations: Applying migration","0011_add_history_response_table"]
[4465][1547512043568][shared][info]["Migrations: Upgrading IndexedDB to version","0011_add_history_response_table",7]
[4465][1547512043571][shared][info]["Migrations: Adding pending commit to queue","0011_add_history_response_table"]
[4465][1547512043571][shared][info]["Migrations: Starting migration","0012_add_user_data_table"]
[4465][1547512043571][shared][info]["Migrations: Setting context before starting migration","0012_add_user_data_table",{"0000_initial":"finished","0001_add_archived_resources_table":"finished","0002_add_variable_sessions_table":"finished","0003_add_editor_tables":"finished","0004_migrate_ws_session_data":"finished","0005_cleanup_request_response_and_history_body":"finished","0006_add_dbp_to_request_response_and_history":"finished","0007_add_sync_client_buckets_by_order_id_table":"finished","0008_migrate_to_sync_client_buckets_by_order_id":"finished","0009_remove_sync_client_buckets_table":"finished","0010_add_history_owner":"finished","0011_add_history_response_table":"started","0012_add_user_data_table":"started"}]
[4465][1547512043573][shared][info]["Migrations: Applying migration","0012_add_user_data_table"]
[4465][1547512043573][shared][info]["Migrations: Upgrading IndexedDB to version","0012_add_user_data_table",8]
[4465][1547512043576][shared][info]["Migrations: Adding pending commit to queue","0012_add_user_data_table"]
[4465][1547512043577][shared][info]["Migrations: Starting migration","0013_sanitize_request_response_and_history_methods"]
[4465][1547512043577][shared][info]["Migrations: Flushing pending migrations for","0013_sanitize_request_response_and_history_methods"]
[4465][1547512043577][shared][info]["Migrations: Flushing pending commit for type","IndexeddbSchemaMigration"]
[4465][1547512043578][shared][info]["Migrations: Committing IndexedDB upgrade"]
[4465][1547512043678][shared][info]["Migrations: Updating status in migration context",{"0000_initial":"finished","0001_add_archived_resources_table":"finished","0002_add_variable_sessions_table":"finished","0003_add_editor_tables":"finished","0004_migrate_ws_session_data":"finished","0005_cleanup_request_response_and_history_body":"finished","0006_add_dbp_to_request_response_and_history":"finished","0007_add_sync_client_buckets_by_order_id_table":"finished","0008_migrate_to_sync_client_buckets_by_order_id":"finished","0009_remove_sync_client_buckets_table":"finished","0010_add_history_owner":"finished","0011_add_history_response_table":"started","0012_add_user_data_table":"started"}]
[4465][1547512043679][shared][info]["Migrations: Updated status in migration context",{"0000_initial":"finished","0001_add_archived_resources_table":"finished","0002_add_variable_sessions_table":"finished","0003_add_editor_tables":"finished","0004_migrate_ws_session_data":"finished","0005_cleanup_request_response_and_history_body":"finished","0006_add_dbp_to_request_response_and_history":"finished","0007_add_sync_client_buckets_by_order_id_table":"finished","0008_migrate_to_sync_client_buckets_by_order_id":"finished","0009_remove_sync_client_buckets_table":"finished","0010_add_history_owner":"finished","0011_add_history_response_table":"finished","0012_add_user_data_table":"finished"}]
[4465][1547512043681][shared][info]["Migrations: Setting context before starting migration","0013_sanitize_request_response_and_history_methods",{"0000_initial":"finished","0001_add_archived_resources_table":"finished","0002_add_variable_sessions_table":"finished","0003_add_editor_tables":"finished","0004_migrate_ws_session_data":"finished","0005_cleanup_request_response_and_history_body":"finished","0006_add_dbp_to_request_response_and_history":"finished","0007_add_sync_client_buckets_by_order_id_table":"finished","0008_migrate_to_sync_client_buckets_by_order_id":"finished","0009_remove_sync_client_buckets_table":"finished","0010_add_history_owner":"finished","0011_add_history_response_table":"finished","0012_add_user_data_table":"finished","0013_sanitize_request_response_and_history_methods":"started"}]
[4465][1547512043682][shared][info]["Migrations: Applying migration","0013_sanitize_request_response_and_history_methods"]
[4465][1547512043683][shared][info]["Migrations: Processing IndexedDB data migration","0013_sanitize_request_response_and_history_methods"]
[4465][1547512043693][shared][info]["Migrations: Saving migration context after completion","0013_sanitize_request_response_and_history_methods",{"0000_initial":"finished","0001_add_archived_resources_table":"finished","0002_add_variable_sessions_table":"finished","0003_add_editor_tables":"finished","0004_migrate_ws_session_data":"finished","0005_cleanup_request_response_and_history_body":"finished","0006_add_dbp_to_request_response_and_history":"finished","0007_add_sync_client_buckets_by_order_id_table":"finished","0008_migrate_to_sync_client_buckets_by_order_id":"finished","0009_remove_sync_client_buckets_table":"finished","0010_add_history_owner":"finished","0011_add_history_response_table":"finished","0012_add_user_data_table":"finished","0013_sanitize_request_response_and_history_methods":"started"}]
[4465][1547512043695][shared][info]["Migrations: Starting migration","0014_sanitize_response_requestobject_rawmodedata"]
[4465][1547512043695][shared][info]["Migrations: Flushing pending migrations for","0014_sanitize_response_requestobject_rawmodedata"]
[4465][1547512043695][shared][info]["Migrations: Updating status in migration context",{"0000_initial":"finished","0001_add_archived_resources_table":"finished","0002_add_variable_sessions_table":"finished","0003_add_editor_tables":"finished","0004_migrate_ws_session_data":"finished","0005_cleanup_request_response_and_history_body":"finished","0006_add_dbp_to_request_response_and_history":"finished","0007_add_sync_client_buckets_by_order_id_table":"finished","0008_migrate_to_sync_client_buckets_by_order_id":"finished","0009_remove_sync_client_buckets_table":"finished","0010_add_history_owner":"finished","0011_add_history_response_table":"finished","0012_add_user_data_table":"finished","0013_sanitize_request_response_and_history_methods":"finished"}]
[4465][1547512043697][shared][info]["Migrations: Updated status in migration context",{"0000_initial":"finished","0001_add_archived_resources_table":"finished","0002_add_variable_sessions_table":"finished","0003_add_editor_tables":"finished","0004_migrate_ws_session_data":"finished","0005_cleanup_request_response_and_history_body":"finished","0006_add_dbp_to_request_response_and_history":"finished","0007_add_sync_client_buckets_by_order_id_table":"finished","0008_migrate_to_sync_client_buckets_by_order_id":"finished","0009_remove_sync_client_buckets_table":"finished","0010_add_history_owner":"finished","0011_add_history_response_table":"finished","0012_add_user_data_table":"finished","0013_sanitize_request_response_and_history_methods":"finished"}]
[4465][1547512043698][shared][info]["Migrations: Setting context before starting migration","0014_sanitize_response_requestobject_rawmodedata",{"0000_initial":"finished","0001_add_archived_resources_table":"finished","0002_add_variable_sessions_table":"finished","0003_add_editor_tables":"finished","0004_migrate_ws_session_data":"finished","0005_cleanup_request_response_and_history_body":"finished","0006_add_dbp_to_request_response_and_history":"finished","0007_add_sync_client_buckets_by_order_id_table":"finished","0008_migrate_to_sync_client_buckets_by_order_id":"finished","0009_remove_sync_client_buckets_table":"finished","0010_add_history_owner":"finished","0011_add_history_response_table":"finished","0012_add_user_data_table":"finished","0013_sanitize_request_response_and_history_methods":"finished","0014_sanitize_response_requestobject_rawmodedata":"started"}]
[4465][1547512043700][shared][info]["Migrations: Applying migration","0014_sanitize_response_requestobject_rawmodedata"]
[4465][1547512043700][shared][info]["Migrations: Processing IndexedDB data migration","0014_sanitize_response_requestobject_rawmodedata"]
[4465][1547512043707][shared][info]["Migrations: Saving migration context after completion","0014_sanitize_response_requestobject_rawmodedata",{"0000_initial":"finished","0001_add_archived_resources_table":"finished","0002_add_variable_sessions_table":"finished","0003_add_editor_tables":"finished","0004_migrate_ws_session_data":"finished","0005_cleanup_request_response_and_history_body":"finished","0006_add_dbp_to_request_response_and_history":"finished","0007_add_sync_client_buckets_by_order_id_table":"finished","0008_migrate_to_sync_client_buckets_by_order_id":"finished","0009_remove_sync_client_buckets_table":"finished","0010_add_history_owner":"finished","0011_add_history_response_table":"finished","0012_add_user_data_table":"finished","0013_sanitize_request_response_and_history_methods":"finished","0014_sanitize_response_requestobject_rawmodedata":"started"}]
[4465][1547512043709][shared][info]["Migrations: Flushing pending commit steps"]
[4465][1547512043709][shared][info]["Migrations: Updating status in migration context",{"0000_initial":"finished","0001_add_archived_resources_table":"finished","0002_add_variable_sessions_table":"finished","0003_add_editor_tables":"finished","0004_migrate_ws_session_data":"finished","0005_cleanup_request_response_and_history_body":"finished","0006_add_dbp_to_request_response_and_history":"finished","0007_add_sync_client_buckets_by_order_id_table":"finished","0008_migrate_to_sync_client_buckets_by_order_id":"finished","0009_remove_sync_client_buckets_table":"finished","0010_add_history_owner":"finished","0011_add_history_response_table":"finished","0012_add_user_data_table":"finished","0013_sanitize_request_response_and_history_methods":"finished","0014_sanitize_response_requestobject_rawmodedata":"finished"}]
[4465][1547512043711][shared][info]["Migrations: Updated status in migration context",{"0000_initial":"finished","0001_add_archived_resources_table":"finished","0002_add_variable_sessions_table":"finished","0003_add_editor_tables":"finished","0004_migrate_ws_session_data":"finished","0005_cleanup_request_response_and_history_body":"finished","0006_add_dbp_to_request_response_and_history":"finished","0007_add_sync_client_buckets_by_order_id_table":"finished","0008_migrate_to_sync_client_buckets_by_order_id":"finished","0009_remove_sync_client_buckets_table":"finished","0010_add_history_owner":"finished","0011_add_history_response_table":"finished","0012_add_user_data_table":"finished","0013_sanitize_request_response_and_history_methods":"finished","0014_sanitize_response_requestobject_rawmodedata":"finished"}]
[4465][1547512043712][shared][info]["Migration: Finished all migrations"]
[4465][1547512043974][shared][info]["bootstrapModels - Success"]
[4465][1547512043975][shared][info]["WLModels\\x7eboot - Success"]
[4465][1547512044031][shared][info]["initializeConfigurationsValues - Success"]
[4465][1547512044142][shared][info]["Migrate - Bailed out due to:","FRESH_INSTALL"]
[4465][1547512044171][shared][info]["AppModels\\x7eboot - Success"]
[4465][1547512044181][shared][info]["SharedRuntimeListeners\\x7eboot - Success"]
[4465][1547512044195][shared][info]["Sync\\x7eboot - Success"]
[4465][1547512044196][shared][info]["Shared\\x7eboot - Success"]
[4465][1547512044197][shared][info]["booted - shared"]
